-------------------------------------------------------------------------------
Test set: businesslogicservice.impl.TestLoginServiceImpl1
-------------------------------------------------------------------------------
<<<<<<< HEAD
Tests run: 2, Failures: 0, Errors: 0, Skipped: 0, Time elapsed: 0.001 sec
=======
<<<<<<< Updated upstream
Tests run: 2, Failures: 0, Errors: 0, Skipped: 0, Time elapsed: 0 sec
=======
Tests run: 2, Failures: 0, Errors: 0, Skipped: 0, Time elapsed: 0.002 sec
>>>>>>> Stashed changes
>>>>>>> origin/master
