-------------------------------------------------------------------------------
Test set: businesslogic.account.TestAccountWeb
-------------------------------------------------------------------------------
<<<<<<< Updated upstream
Tests run: 3, Failures: 0, Errors: 0, Skipped: 0, Time elapsed: 0 sec
=======
<<<<<<< Updated upstream
Tests run: 3, Failures: 0, Errors: 0, Skipped: 0, Time elapsed: 0.002 sec
=======
Tests run: 3, Failures: 0, Errors: 0, Skipped: 0, Time elapsed: 0.007 sec
>>>>>>> Stashed changes
>>>>>>> Stashed changes
