-------------------------------------------------------------------------------
Test set: businesslogic.login.TestLogin
-------------------------------------------------------------------------------
<<<<<<< HEAD
Tests run: 2, Failures: 0, Errors: 0, Skipped: 0, Time elapsed: 0.004 sec
=======
<<<<<<< Updated upstream
Tests run: 2, Failures: 0, Errors: 0, Skipped: 0, Time elapsed: 0.002 sec
=======
<<<<<<< Updated upstream
Tests run: 2, Failures: 0, Errors: 0, Skipped: 0, Time elapsed: 0 sec
=======
Tests run: 2, Failures: 0, Errors: 0, Skipped: 0, Time elapsed: 0.006 sec
>>>>>>> Stashed changes
>>>>>>> Stashed changes
>>>>>>> origin/master
